<?xml version="1.0" encoding="UTF-8"?>
<!-- Generated by org.testng.reporters.JUnitXMLReporter -->
<testsuite hostname="GYAN-LAB-PC8" ignored="0" name="Test" tests="1" failures="1" timestamp="22 May 2019 04:07:13 GMT" time="0.031" errors="0">
  <testcase name="method2" time="0.006" classname="com.facebook.testcases.TestCases">
    <failure type="java.lang.NullPointerException">
      <![CDATA[java.lang.NullPointerException
at org.openqa.selenium.support.pagefactory.DefaultElementLocator.findElement(DefaultElementLocator.java:69)
at org.openqa.selenium.support.pagefactory.internal.LocatingElementHandler.invoke(LocatingElementHandler.java:38)
at com.sun.proxy.$Proxy9.sendKeys(Unknown Source)
at com.facebook.pages.LoginPage.login(LoginPage.java:24)
at com.facebook.testcases.TestCases.method2(TestCases.java:26)
... Removed 25 stack frames]]>
    </failure>
  </testcase> <!-- method2 -->
</testsuite> <!-- Test -->
