<?xml version="1.0" encoding="UTF-8"?>
<testng-results skipped="0" failed="0" ignored="0" total="1" passed="1">
  <reporter-output>
  </reporter-output>
  <suite name="Surefire suite" duration-ms="271" started-at="2019-05-23T02:18:38Z" finished-at="2019-05-23T02:18:39Z">
    <groups>
    </groups>
    <test name="Surefire test" duration-ms="271" started-at="2019-05-23T02:18:38Z" finished-at="2019-05-23T02:18:39Z">
      <class name="com.facebook.testcases.TestCases">
        <test-method status="PASS" signature="method1()[pri:0, instance:com.facebook.testcases.TestCases@1b6a447]" name="method1" is-config="true" duration-ms="13928" started-at="2019-05-23T02:18:25Z" finished-at="2019-05-23T02:18:38Z">
          <reporter-output>
          </reporter-output>
        </test-method> <!-- method1 -->
        <test-method status="PASS" signature="method2()[pri:0, instance:com.facebook.testcases.TestCases@1b6a447]" name="method2" duration-ms="254" started-at="2019-05-23T02:18:38Z" finished-at="2019-05-23T02:18:39Z">
          <reporter-output>
          </reporter-output>
        </test-method> <!-- method2 -->
        <test-method status="PASS" signature="method3()[pri:0, instance:com.facebook.testcases.TestCases@1b6a447]" name="method3" is-config="true" duration-ms="0" started-at="2019-05-23T02:18:39Z" finished-at="2019-05-23T02:18:39Z">
          <reporter-output>
          </reporter-output>
        </test-method> <!-- method3 -->
      </class> <!-- com.facebook.testcases.TestCases -->
    </test> <!-- Surefire test -->
  </suite> <!-- Surefire suite -->
</testng-results>
